<?xml version="1.0" encoding="UTF-8"?>
<testsuite name="TestSuite" time="48.83" tests="12" errors="0" skipped="0" failures="9">
  <properties>
    <property name="java.runtime.name" value="Java(TM) SE Runtime Environment"/>
    <property name="java.vm.version" value="17.0.1+12-LTS-39"/>
    <property name="sun.boot.library.path" value="C:\Program Files\Java\jdk-17.0.1\bin"/>
    <property name="maven.multiModuleProjectDirectory" value="C:\Users\Professional\Desktop\UkrNet"/>
    <property name="java.vm.vendor" value="Oracle Corporation"/>
    <property name="java.vendor.url" value="https://java.oracle.com/"/>
    <property name="guice.disable.misplaced.annotation.check" value="true"/>
    <property name="path.separator" value=";"/>
    <property name="java.vm.name" value="Java HotSpot(TM) 64-Bit Server VM"/>
    <property name="sun.os.patch.level" value=""/>
    <property name="user.script" value=""/>
    <property name="user.country" value="RU"/>
    <property name="sun.java.launcher" value="SUN_STANDARD"/>
    <property name="java.vm.specification.name" value="Java Virtual Machine Specification"/>
    <property name="user.dir" value="C:\Users\Professional\Desktop\UkrNet"/>
    <property name="java.vm.compressedOopsMode" value="Zero based"/>
    <property name="java.runtime.version" value="17.0.1+12-LTS-39"/>
    <property name="os.arch" value="amd64"/>
    <property name="java.io.tmpdir" value="C:\Users\PROFES~1\AppData\Local\Temp\"/>
    <property name="line.separator" value="&#10;"/>
    <property name="java.vm.specification.vendor" value="Oracle Corporation"/>
    <property name="user.variant" value=""/>
    <property name="os.name" value="Windows 10"/>
    <property name="suiteXmlFile" value="testng.xml"/>
    <property name="classworlds.conf" value="C:\Program Files\apache-maven-3.8.3\bin\m2.conf"/>
    <property name="sun.jnu.encoding" value="Cp1251"/>
    <property name="java.library.path" value="C:\Program Files\Java\jdk-17.0.1\bin;C:\Windows\Sun\Java\bin;C:\Windows\system32;C:\Windows;C:\Program Files\Common Files\Oracle\Java\javapath;&quot;c:\Windows;c:\Windows\system32&quot;;&quot;C:\Windows\system32;C:\Windows;C:\Windows\system32\WBEM&quot;;C:\Program Files (x86)\Common Files\Oracle\Java\javapath;C:\Program Files\Java\jdk-17.0.1\bin;C:\Program Files\ISC BIND 9\bin;C:\Program Files\BIND9.17.4.debug.x64\bin;&quot;C:\Windows;C:\Windows\System32;C:\Program Files\Python38&quot;;&quot;C:\Windows;C:\Windows\System32;C:\Program Files\Python38-32&quot;;C:\Program Files\Git\cmd;C:\Program Files\Java\jdk-17.0.1\bin;C:\Program Files\apache-maven-3.8.3\bin;c:\windows\system32;&quot;C:\Windows\system32;C:\Windows;C:\Windows\system32\wbem&quot;;&quot;C:\Windows;C:\Windows\System32;C:\Program Files\Python38&quot;;&quot;C:\Windows;C:\Windows\System32;C:\Program Files\Python38-32&quot;;C:\Users\Professional\AppData\Local\Programs\Fiddler;C:\Program Files\Java\jdk-17.0.1\bin;C:\Program Files\JetBrains\IntelliJ IDEA 2021.2.3\bin;;C:\Windows\System32;;."/>
    <property name="maven.conf" value="C:\Program Files\apache-maven-3.8.3/conf"/>
    <property name="jdk.debug" value="release"/>
    <property name="java.class.version" value="61.0"/>
    <property name="java.specification.name" value="Java Platform API Specification"/>
    <property name="sun.management.compiler" value="HotSpot 64-Bit Tiered Compilers"/>
    <property name="os.version" value="10.0"/>
    <property name="library.jansi.path" value="C:\Program Files\apache-maven-3.8.3\lib\jansi-native"/>
    <property name="user.home" value="C:\Users\Professional"/>
    <property name="user.timezone" value="Europe/Simferopol"/>
    <property name="file.encoding" value="Cp1251"/>
    <property name="java.specification.version" value="17"/>
    <property name="user.name" value="Professional"/>
    <property name="java.class.path" value="C:\Program Files\apache-maven-3.8.3\boot\plexus-classworlds-2.6.0.jar"/>
    <property name="java.vm.specification.version" value="17"/>
    <property name="sun.arch.data.model" value="64"/>
    <property name="sun.java.command" value="org.codehaus.plexus.classworlds.launcher.Launcher clean test -DsuiteXmlFile=testng.xml"/>
    <property name="java.home" value="C:\Program Files\Java\jdk-17.0.1"/>
    <property name="user.language" value="ru"/>
    <property name="java.specification.vendor" value="Oracle Corporation"/>
    <property name="java.vm.info" value="mixed mode, sharing"/>
    <property name="java.version" value="17.0.1"/>
    <property name="native.encoding" value="Cp1251"/>
    <property name="java.vendor" value="Oracle Corporation"/>
    <property name="sun.stderr.encoding" value="cp1251"/>
    <property name="maven.home" value="C:\Program Files\apache-maven-3.8.3"/>
    <property name="file.separator" value="\"/>
    <property name="java.version.date" value="2021-10-19"/>
    <property name="java.vendor.url.bug" value="https://bugreport.java.com/bugreport/"/>
    <property name="sun.io.unicode.encoding" value="UnicodeLittle"/>
    <property name="sun.cpu.endian" value="little"/>
    <property name="sun.stdout.encoding" value="cp1251"/>
    <property name="sun.cpu.isalist" value="amd64"/>
  </properties>
  <testcase name="leaveEmptyFields" classname="test.java.ua.ukrnet.test.MainPageMailPanelTests" time="0.942">
    <failure message="&#10;Expected: a string containing &quot;РџРѕР»СЏ РјР°СЋС‚СЊ Р±СѓС‚Рё Р·Р°РїРѕРІРЅРµРЅС–&quot;&#10;     but: was &quot;Поля мають бути заповнені&quot;" type="java.lang.AssertionError">java.lang.AssertionError: 
Expected: a string containing "РџРѕР»СЏ РјР°СЋС‚СЊ Р±СѓС‚Рё Р·Р°РїРѕРІРЅРµРЅС–"
     but: was "Поля мають бути заповнені"
	at org.hamcrest.MatcherAssert.assertThat(MatcherAssert.java:20)
	at org.hamcrest.MatcherAssert.assertThat(MatcherAssert.java:8)
	at test.java.ua.ukrnet.test.MainPageMailPanelTests.leaveEmptyFields(MainPageMailPanelTests.java:65)
</failure>
    <system-out><![CDATA[2022-02-19 12:16:50 DEBUG InternalLoggerFactory:89 - Using Log4J as the default logging framework
2022-02-19 12:16:50 DEBUG ResourceLeakDetector:129 - -Dio.netty.leakDetection.level: simple
2022-02-19 12:16:50 DEBUG ResourceLeakDetector:130 - -Dio.netty.leakDetection.targetRecords: 4
2022-02-19 12:16:50 DEBUG ResourceLeakDetectorFactory:196 - Loaded default ResourceLeakDetector: io.netty.util.ResourceLeakDetector@8458f04
2022-02-19 12:16:50 DEBUG PlatformDependent0:460 - -Dio.netty.noUnsafe: false
2022-02-19 12:16:50 DEBUG PlatformDependent0:954 - Java version: 17
2022-02-19 12:16:50 DEBUG PlatformDependent0:135 - sun.misc.Unsafe.theUnsafe: available
2022-02-19 12:16:50 DEBUG PlatformDependent0:159 - sun.misc.Unsafe.copyMemory: available
2022-02-19 12:16:50 DEBUG PlatformDependent0:202 - java.nio.Buffer.address: available
2022-02-19 12:16:50 DEBUG PlatformDependent0:285 - direct buffer constructor: unavailable: Reflective setAccessible(true) disabled
2022-02-19 12:16:50 DEBUG PlatformDependent0:350 - java.nio.Bits.unaligned: available, true
2022-02-19 12:16:50 DEBUG PlatformDependent0:417 - jdk.internal.misc.Unsafe.allocateUninitializedArray(int): unavailable: class io.netty.util.internal.PlatformDependent0$6 cannot access class jdk.internal.misc.Unsafe (in module java.base) because module java.base does not export jdk.internal.misc to unnamed module @27c6e487
2022-02-19 12:16:50 DEBUG PlatformDependent0:446 - java.nio.DirectByteBuffer.<init>(long, int): unavailable
2022-02-19 12:16:50 DEBUG PlatformDependent:1103 - sun.misc.Unsafe: available
2022-02-19 12:16:50 DEBUG PlatformDependent:1205 - maxDirectMemory: 4276092928 bytes (maybe)
2022-02-19 12:16:50 DEBUG PlatformDependent:1224 - -Dio.netty.tmpdir: C:\Users\PROFES~1\AppData\Local\Temp (java.io.tmpdir)
2022-02-19 12:16:50 DEBUG PlatformDependent:1303 - -Dio.netty.bitMode: 64 (sun.arch.data.model)
2022-02-19 12:16:50 DEBUG PlatformDependent:1063 - Platform: Windows
2022-02-19 12:16:50 DEBUG PlatformDependent:178 - -Dio.netty.maxDirectMemory: -1 bytes
2022-02-19 12:16:50 DEBUG PlatformDependent:185 - -Dio.netty.uninitializedArrayAllocationThreshold: -1
2022-02-19 12:16:50 DEBUG CleanerJava9:71 - java.nio.ByteBuffer.cleaner(): available
2022-02-19 12:16:50 DEBUG PlatformDependent:205 - -Dio.netty.noPreferDirect: false
2022-02-19 12:16:50 DEBUG PlatformDependent:967 - org.jctools-core.MpscChunkedArrayQueue: available
2022-02-19 12:16:50 DEBUG InternalThreadLocalMap:83 - -Dio.netty.threadLocalMap.stringBuilder.initialSize: 1024
2022-02-19 12:16:50 DEBUG InternalThreadLocalMap:86 - -Dio.netty.threadLocalMap.stringBuilder.maxSize: 4096
2022-02-19 12:16:50 DEBUG JdkSslContext:97 - Default protocols (JDK): [TLSv1.3, TLSv1.2] 
2022-02-19 12:16:50 DEBUG JdkSslContext:98 - Default cipher suites (JDK): [TLS_ECDHE_ECDSA_WITH_AES_256_GCM_SHA384, TLS_ECDHE_ECDSA_WITH_AES_128_GCM_SHA256, TLS_ECDHE_RSA_WITH_AES_128_GCM_SHA256, TLS_ECDHE_RSA_WITH_AES_256_GCM_SHA384, TLS_ECDHE_RSA_WITH_AES_128_CBC_SHA, TLS_ECDHE_RSA_WITH_AES_256_CBC_SHA, TLS_RSA_WITH_AES_128_GCM_SHA256, TLS_RSA_WITH_AES_128_CBC_SHA, TLS_RSA_WITH_AES_256_CBC_SHA, TLS_AES_128_GCM_SHA256, TLS_AES_256_GCM_SHA384]
2022-02-19 12:16:50 DEBUG MultithreadEventLoopGroup:44 - -Dio.netty.eventLoopThreads: 16
2022-02-19 12:16:50 DEBUG NioEventLoop:106 - -Dio.netty.noKeySetOptimization: false
2022-02-19 12:16:50 DEBUG NioEventLoop:107 - -Dio.netty.selectorAutoRebuildThreshold: 512
2022-02-19 12:16:50 DEBUG PooledByteBufAllocator:155 - -Dio.netty.allocator.numHeapArenas: 16
2022-02-19 12:16:50 DEBUG PooledByteBufAllocator:156 - -Dio.netty.allocator.numDirectArenas: 16
2022-02-19 12:16:50 DEBUG PooledByteBufAllocator:158 - -Dio.netty.allocator.pageSize: 8192
2022-02-19 12:16:50 DEBUG PooledByteBufAllocator:163 - -Dio.netty.allocator.maxOrder: 11
2022-02-19 12:16:50 DEBUG PooledByteBufAllocator:167 - -Dio.netty.allocator.chunkSize: 16777216
2022-02-19 12:16:50 DEBUG PooledByteBufAllocator:168 - -Dio.netty.allocator.smallCacheSize: 256
2022-02-19 12:16:50 DEBUG PooledByteBufAllocator:169 - -Dio.netty.allocator.normalCacheSize: 64
2022-02-19 12:16:50 DEBUG PooledByteBufAllocator:170 - -Dio.netty.allocator.maxCachedBufferCapacity: 32768
2022-02-19 12:16:50 DEBUG PooledByteBufAllocator:171 - -Dio.netty.allocator.cacheTrimInterval: 8192
2022-02-19 12:16:50 DEBUG PooledByteBufAllocator:172 - -Dio.netty.allocator.cacheTrimIntervalMillis: 0
2022-02-19 12:16:50 DEBUG PooledByteBufAllocator:173 - -Dio.netty.allocator.useCacheForAllThreads: true
2022-02-19 12:16:50 DEBUG PooledByteBufAllocator:174 - -Dio.netty.allocator.maxCachedByteBuffersPerChunk: 1023
2022-02-19 12:16:50 DEBUG ByteBufUtil:87 - -Dio.netty.allocator.type: pooled
2022-02-19 12:16:50 DEBUG ByteBufUtil:96 - -Dio.netty.threadLocalDirectBufferSize: 0
2022-02-19 12:16:50 DEBUG ByteBufUtil:99 - -Dio.netty.maxThreadLocalCharBufferSize: 16384
2022-02-19 12:16:51 DEBUG DefaultChannelId:79 - -Dio.netty.processId: 19504 (auto-detected)
2022-02-19 12:16:51 DEBUG NetUtil:135 - -Djava.net.preferIPv4Stack: false
2022-02-19 12:16:51 DEBUG NetUtil:136 - -Djava.net.preferIPv6Addresses: false
2022-02-19 12:16:51 DEBUG NetUtilInitializations:129 - Loopback interface: lo (Software Loopback Interface 1, 127.0.0.1)
2022-02-19 12:16:51 DEBUG NetUtil:187 - Failed to get SOMAXCONN from sysctl and file \proc\sys\net\core\somaxconn. Default: 200
2022-02-19 12:16:51 DEBUG DefaultChannelId:101 - -Dio.netty.machineId: c0:b8:83:ff:fe:f7:5e:90 (auto-detected)
2022-02-19 12:16:51 DEBUG AbstractByteBuf:63 - -Dio.netty.buffer.checkAccessible: true
2022-02-19 12:16:51 DEBUG AbstractByteBuf:64 - -Dio.netty.buffer.checkBounds: true
2022-02-19 12:16:51 DEBUG ResourceLeakDetectorFactory:196 - Loaded default ResourceLeakDetector: io.netty.util.ResourceLeakDetector@4e14919d
2022-02-19 12:16:51 DEBUG Recycler:103 - -Dio.netty.recycler.maxCapacityPerThread: 4096
2022-02-19 12:16:51 DEBUG Recycler:104 - -Dio.netty.recycler.maxSharedCapacityFactor: 2
2022-02-19 12:16:51 DEBUG Recycler:105 - -Dio.netty.recycler.linkCapacity: 16
2022-02-19 12:16:51 DEBUG Recycler:106 - -Dio.netty.recycler.ratio: 8
2022-02-19 12:16:51 DEBUG Recycler:107 - -Dio.netty.recycler.delayedQueue.ratio: 8
2022-02-19 12:16:51 DEBUG Brotli:38 - brotli4j not in the classpath; Brotli support will be unavailable.
2022-02-19 12:16:52 DEBUG ThreadLocalRandom:214 - -Dio.netty.initialSeedUniquifier: 0xfa904cced3372178
]]></system-out>
    <system-err>SLF4J: Failed to load class "org.slf4j.impl.StaticLoggerBinder".
SLF4J: Defaulting to no-operation (NOP) logger implementation
SLF4J: See http://www.slf4j.org/codes.html#StaticLoggerBinder for further details.
Starting ChromeDriver 98.0.4758.102 (273bf7ac8c909cde36982d27f66f3c70846a3718-refs/branch-heads/4758@{#1151}) on port 53484
Only local connections are allowed.
Please see https://chromedriver.chromium.org/security-considerations for suggestions on keeping ChromeDriver safe.
ChromeDriver was started successfully.
февр. 19, 2022 12:16:52 PM org.openqa.selenium.remote.ProtocolHandshake createSession
INFO: Detected dialect: W3C
февр. 19, 2022 12:16:52 PM org.openqa.selenium.devtools.CdpVersionFinder findNearestMatch
WARNING: Unable to find an exact match for CDP version 98, so returning the closest version found: 96
февр. 19, 2022 12:16:52 PM org.openqa.selenium.devtools.CdpVersionFinder findNearestMatch
INFO: Found CDP implementation for version 98 of 96
</system-err>
  </testcase>
  <testcase name="leaveEmptyLoginField" classname="test.java.ua.ukrnet.test.MainPageMailPanelTests" time="0.444">
    <failure message="&#10;Expected: a string containing &quot;РџРѕР»Рµ РјР°С” Р±СѓС‚Рё Р·Р°РїРѕРІРЅРµРЅРµ&quot;&#10;     but: was &quot;Поле має бути заповнене&quot;" type="java.lang.AssertionError">java.lang.AssertionError: 
Expected: a string containing "РџРѕР»Рµ РјР°С” Р±СѓС‚Рё Р·Р°РїРѕРІРЅРµРЅРµ"
     but: was "Поле має бути заповнене"
	at org.hamcrest.MatcherAssert.assertThat(MatcherAssert.java:20)
	at org.hamcrest.MatcherAssert.assertThat(MatcherAssert.java:8)
	at test.java.ua.ukrnet.test.MainPageMailPanelTests.leaveEmptyLoginField(MainPageMailPanelTests.java:78)
</failure>
    <system-out>2022-02-19 12:17:08 INFO  logger:64 - login with empty email is staring
2022-02-19 12:17:08 INFO  logger:69 - login with empty email is finished
2022-02-19 12:17:08 INFO  logger:77 - error message - Поле має бути заповнене
</system-out>
  </testcase>
  <testcase name="leaveEmptyPasswordField" classname="test.java.ua.ukrnet.test.MainPageMailPanelTests" time="0.865">
    <failure message="&#10;Expected: a string containing &quot;РџРѕР»Рµ РјР°С” Р±СѓС‚Рё Р·Р°РїРѕРІРЅРµРЅРµ&quot;&#10;     but: was &quot;Поле має бути заповнене&quot;" type="java.lang.AssertionError">java.lang.AssertionError: 
Expected: a string containing "РџРѕР»Рµ РјР°С” Р±СѓС‚Рё Р·Р°РїРѕРІРЅРµРЅРµ"
     but: was "Поле має бути заповнене"
	at org.hamcrest.MatcherAssert.assertThat(MatcherAssert.java:20)
	at org.hamcrest.MatcherAssert.assertThat(MatcherAssert.java:8)
	at test.java.ua.ukrnet.test.MainPageMailPanelTests.leaveEmptyPasswordField(MainPageMailPanelTests.java:91)
</failure>
    <system-out>2022-02-19 12:17:10 INFO  logger:85 - login with empty password is starting
2022-02-19 12:17:11 INFO  logger:90 - login with empty password is finished
2022-02-19 12:17:11 INFO  logger:97 - error message - Поле має бути заповнене
</system-out>
  </testcase>
  <testcase name="navigateFromLogoToMainPage" classname="test.java.ua.ukrnet.test.MainPageMailPanelTests" time="10.059">
    <failure message="no such element: Unable to locate element: {&quot;method&quot;:&quot;xpath&quot;,&quot;selector&quot;:&quot;//img[@alt=&apos;РЅРѕРІРёРЅРё&apos;]&quot;}&#10;  (Session info: chrome=98.0.4758.102)&#10;For documentation on this error, please visit: https://selenium.dev/exceptions/#no_such_element&#10;Build info: version: &apos;4.1.1&apos;, revision: &apos;e8fcc2cecf&apos;&#10;System info: host: &apos;USER-PC&apos;, ip: &apos;172.18.176.1&apos;, os.name: &apos;Windows 10&apos;, os.arch: &apos;amd64&apos;, os.version: &apos;10.0&apos;, java.version: &apos;17.0.1&apos;&#10;Driver info: org.openqa.selenium.chrome.ChromeDriver&#10;Command: [73d937ecbe29588d6bbee990507c8485, findElement {using=xpath, value=//img[@alt=&apos;РЅРѕРІРёРЅРё&apos;]}]&#10;Capabilities {acceptInsecureCerts: false, browserName: chrome, browserVersion: 98.0.4758.102, chrome: {chromedriverVersion: 98.0.4758.102 (273bf7ac8c90..., userDataDir: C:\Users\PROFES~1\AppData\L...}, goog:chromeOptions: {debuggerAddress: localhost:58105}, javascriptEnabled: true, networkConnectionEnabled: false, pageLoadStrategy: normal, platform: WINDOWS, platformName: WINDOWS, proxy: Proxy(), se:cdp: ws://localhost:58105/devtoo..., se:cdpVersion: 98.0.4758.102, setWindowRect: true, strictFileInteractability: false, timeouts: {implicit: 0, pageLoad: 300000, script: 30000}, unhandledPromptBehavior: dismiss and notify, webauthn:extension:credBlob: true, webauthn:extension:largeBlob: true, webauthn:virtualAuthenticators: true}&#10;Session ID: 73d937ecbe29588d6bbee990507c8485" type="org.openqa.selenium.NoSuchElementException">org.openqa.selenium.NoSuchElementException: no such element: Unable to locate element: {"method":"xpath","selector":"//img[@alt='РЅРѕРІРёРЅРё']"}
  (Session info: chrome=98.0.4758.102)
For documentation on this error, please visit: https://selenium.dev/exceptions/#no_such_element
Build info: version: '4.1.1', revision: 'e8fcc2cecf'
System info: host: 'USER-PC', ip: '172.18.176.1', os.name: 'Windows 10', os.arch: 'amd64', os.version: '10.0', java.version: '17.0.1'
Driver info: org.openqa.selenium.chrome.ChromeDriver
Command: [73d937ecbe29588d6bbee990507c8485, findElement {using=xpath, value=//img[@alt='РЅРѕРІРёРЅРё']}]
Capabilities {acceptInsecureCerts: false, browserName: chrome, browserVersion: 98.0.4758.102, chrome: {chromedriverVersion: 98.0.4758.102 (273bf7ac8c90..., userDataDir: C:\Users\PROFES~1\AppData\L...}, goog:chromeOptions: {debuggerAddress: localhost:58105}, javascriptEnabled: true, networkConnectionEnabled: false, pageLoadStrategy: normal, platform: WINDOWS, platformName: WINDOWS, proxy: Proxy(), se:cdp: ws://localhost:58105/devtoo..., se:cdpVersion: 98.0.4758.102, setWindowRect: true, strictFileInteractability: false, timeouts: {implicit: 0, pageLoad: 300000, script: 30000}, unhandledPromptBehavior: dismiss and notify, webauthn:extension:credBlob: true, webauthn:extension:largeBlob: true, webauthn:virtualAuthenticators: true}
Session ID: 73d937ecbe29588d6bbee990507c8485
	at java.base/jdk.internal.reflect.NativeConstructorAccessorImpl.newInstance0(Native Method)
	at java.base/jdk.internal.reflect.NativeConstructorAccessorImpl.newInstance(NativeConstructorAccessorImpl.java:77)
	at java.base/jdk.internal.reflect.DelegatingConstructorAccessorImpl.newInstance(DelegatingConstructorAccessorImpl.java:45)
	at java.base/java.lang.reflect.Constructor.newInstanceWithCaller(Constructor.java:499)
	at java.base/java.lang.reflect.Constructor.newInstance(Constructor.java:480)
	at org.openqa.selenium.remote.codec.w3c.W3CHttpResponseCodec.createException(W3CHttpResponseCodec.java:200)
	at org.openqa.selenium.remote.codec.w3c.W3CHttpResponseCodec.decode(W3CHttpResponseCodec.java:133)
	at org.openqa.selenium.remote.codec.w3c.W3CHttpResponseCodec.decode(W3CHttpResponseCodec.java:53)
	at org.openqa.selenium.remote.HttpCommandExecutor.execute(HttpCommandExecutor.java:184)
	at org.openqa.selenium.remote.service.DriverCommandExecutor.invokeExecute(DriverCommandExecutor.java:167)
	at org.openqa.selenium.remote.service.DriverCommandExecutor.execute(DriverCommandExecutor.java:142)
	at org.openqa.selenium.remote.RemoteWebDriver.execute(RemoteWebDriver.java:543)
	at org.openqa.selenium.remote.ElementLocation$ElementFinder$2.findElement(ElementLocation.java:162)
	at org.openqa.selenium.remote.ElementLocation.findElement(ElementLocation.java:60)
	at org.openqa.selenium.remote.RemoteWebDriver.findElement(RemoteWebDriver.java:367)
	at org.openqa.selenium.remote.RemoteWebDriver.findElement(RemoteWebDriver.java:359)
	at org.openqa.selenium.support.pagefactory.DefaultElementLocator.findElement(DefaultElementLocator.java:70)
	at org.openqa.selenium.support.pagefactory.internal.LocatingElementHandler.invoke(LocatingElementHandler.java:39)
	at jdk.proxy2/jdk.proxy2.$Proxy15.click(Unknown Source)
	at test.java.ua.ukrnet.page.MainPage.clickOnLogo(MainPage.java:172)
	at test.java.ua.ukrnet.context.MainPageContext.navigateByClickingLogo(MainPageContext.java:105)
	at test.java.ua.ukrnet.test.MainPageMailPanelTests.navigateFromLogoToMainPage(MainPageMailPanelTests.java:99)
</failure>
  </testcase>
  <testcase name="checkValidationMaxCharacters" classname="test.java.ua.ukrnet.test.MainPageMailPanelTests" time="0.309"/>
  <testcase name="navigateUponClickCreateEmail" classname="test.java.ua.ukrnet.test.MainPageMailPanelTests" time="10.22">
    <failure message="no such element: Unable to locate element: {&quot;method&quot;:&quot;xpath&quot;,&quot;selector&quot;:&quot;//*[text()=&apos;РЎС‚РІРѕСЂРёС‚Рё СЃРєСЂРёРЅСЊРєСѓ&apos;]&quot;}&#10;  (Session info: chrome=98.0.4758.102)&#10;For documentation on this error, please visit: https://selenium.dev/exceptions/#no_such_element&#10;Build info: version: &apos;4.1.1&apos;, revision: &apos;e8fcc2cecf&apos;&#10;System info: host: &apos;USER-PC&apos;, ip: &apos;172.18.176.1&apos;, os.name: &apos;Windows 10&apos;, os.arch: &apos;amd64&apos;, os.version: &apos;10.0&apos;, java.version: &apos;17.0.1&apos;&#10;Driver info: org.openqa.selenium.chrome.ChromeDriver&#10;Command: [73d937ecbe29588d6bbee990507c8485, findElement {using=xpath, value=//*[text()=&apos;РЎС‚РІРѕСЂРёС‚Рё СЃРєСЂРёРЅСЊРєСѓ&apos;]}]&#10;Capabilities {acceptInsecureCerts: false, browserName: chrome, browserVersion: 98.0.4758.102, chrome: {chromedriverVersion: 98.0.4758.102 (273bf7ac8c90..., userDataDir: C:\Users\PROFES~1\AppData\L...}, goog:chromeOptions: {debuggerAddress: localhost:58105}, javascriptEnabled: true, networkConnectionEnabled: false, pageLoadStrategy: normal, platform: WINDOWS, platformName: WINDOWS, proxy: Proxy(), se:cdp: ws://localhost:58105/devtoo..., se:cdpVersion: 98.0.4758.102, setWindowRect: true, strictFileInteractability: false, timeouts: {implicit: 0, pageLoad: 300000, script: 30000}, unhandledPromptBehavior: dismiss and notify, webauthn:extension:credBlob: true, webauthn:extension:largeBlob: true, webauthn:virtualAuthenticators: true}&#10;Session ID: 73d937ecbe29588d6bbee990507c8485" type="org.openqa.selenium.NoSuchElementException">org.openqa.selenium.NoSuchElementException: no such element: Unable to locate element: {"method":"xpath","selector":"//*[text()='РЎС‚РІРѕСЂРёС‚Рё СЃРєСЂРёРЅСЊРєСѓ']"}
  (Session info: chrome=98.0.4758.102)
For documentation on this error, please visit: https://selenium.dev/exceptions/#no_such_element
Build info: version: '4.1.1', revision: 'e8fcc2cecf'
System info: host: 'USER-PC', ip: '172.18.176.1', os.name: 'Windows 10', os.arch: 'amd64', os.version: '10.0', java.version: '17.0.1'
Driver info: org.openqa.selenium.chrome.ChromeDriver
Command: [73d937ecbe29588d6bbee990507c8485, findElement {using=xpath, value=//*[text()='РЎС‚РІРѕСЂРёС‚Рё СЃРєСЂРёРЅСЊРєСѓ']}]
Capabilities {acceptInsecureCerts: false, browserName: chrome, browserVersion: 98.0.4758.102, chrome: {chromedriverVersion: 98.0.4758.102 (273bf7ac8c90..., userDataDir: C:\Users\PROFES~1\AppData\L...}, goog:chromeOptions: {debuggerAddress: localhost:58105}, javascriptEnabled: true, networkConnectionEnabled: false, pageLoadStrategy: normal, platform: WINDOWS, platformName: WINDOWS, proxy: Proxy(), se:cdp: ws://localhost:58105/devtoo..., se:cdpVersion: 98.0.4758.102, setWindowRect: true, strictFileInteractability: false, timeouts: {implicit: 0, pageLoad: 300000, script: 30000}, unhandledPromptBehavior: dismiss and notify, webauthn:extension:credBlob: true, webauthn:extension:largeBlob: true, webauthn:virtualAuthenticators: true}
Session ID: 73d937ecbe29588d6bbee990507c8485
	at java.base/jdk.internal.reflect.NativeConstructorAccessorImpl.newInstance0(Native Method)
	at java.base/jdk.internal.reflect.NativeConstructorAccessorImpl.newInstance(NativeConstructorAccessorImpl.java:77)
	at java.base/jdk.internal.reflect.DelegatingConstructorAccessorImpl.newInstance(DelegatingConstructorAccessorImpl.java:45)
	at java.base/java.lang.reflect.Constructor.newInstanceWithCaller(Constructor.java:499)
	at java.base/java.lang.reflect.Constructor.newInstance(Constructor.java:480)
	at org.openqa.selenium.remote.codec.w3c.W3CHttpResponseCodec.createException(W3CHttpResponseCodec.java:200)
	at org.openqa.selenium.remote.codec.w3c.W3CHttpResponseCodec.decode(W3CHttpResponseCodec.java:133)
	at org.openqa.selenium.remote.codec.w3c.W3CHttpResponseCodec.decode(W3CHttpResponseCodec.java:53)
	at org.openqa.selenium.remote.HttpCommandExecutor.execute(HttpCommandExecutor.java:184)
	at org.openqa.selenium.remote.service.DriverCommandExecutor.invokeExecute(DriverCommandExecutor.java:167)
	at org.openqa.selenium.remote.service.DriverCommandExecutor.execute(DriverCommandExecutor.java:142)
	at org.openqa.selenium.remote.RemoteWebDriver.execute(RemoteWebDriver.java:543)
	at org.openqa.selenium.remote.ElementLocation$ElementFinder$2.findElement(ElementLocation.java:162)
	at org.openqa.selenium.remote.ElementLocation.findElement(ElementLocation.java:60)
	at org.openqa.selenium.remote.RemoteWebDriver.findElement(RemoteWebDriver.java:367)
	at org.openqa.selenium.remote.RemoteWebDriver.findElement(RemoteWebDriver.java:359)
	at org.openqa.selenium.support.pagefactory.DefaultElementLocator.findElement(DefaultElementLocator.java:70)
	at org.openqa.selenium.support.pagefactory.internal.LocatingElementHandler.invoke(LocatingElementHandler.java:39)
	at jdk.proxy2/jdk.proxy2.$Proxy15.click(Unknown Source)
	at test.java.ua.ukrnet.page.MainPage.clickEmailLink(MainPage.java:197)
	at test.java.ua.ukrnet.context.MainPageContext.getTextFromEmailTitle(MainPageContext.java:132)
	at test.java.ua.ukrnet.test.MainPageMailPanelTests.navigateUponClickCreateEmail(MainPageMailPanelTests.java:120)
</failure>
  </testcase>
  <testcase name="navigateUponClickCannotLogIn" classname="test.java.ua.ukrnet.test.MainPageMailPanelTests" time="10.128">
    <failure message="no such element: Unable to locate element: {&quot;method&quot;:&quot;xpath&quot;,&quot;selector&quot;:&quot;//*[text()=&apos;РќРµ РІРґР°С”С‚СЊСЃСЏ СѓРІС–Р№С‚Рё?&apos;]&quot;}&#10;  (Session info: chrome=98.0.4758.102)&#10;For documentation on this error, please visit: https://selenium.dev/exceptions/#no_such_element&#10;Build info: version: &apos;4.1.1&apos;, revision: &apos;e8fcc2cecf&apos;&#10;System info: host: &apos;USER-PC&apos;, ip: &apos;172.18.176.1&apos;, os.name: &apos;Windows 10&apos;, os.arch: &apos;amd64&apos;, os.version: &apos;10.0&apos;, java.version: &apos;17.0.1&apos;&#10;Driver info: org.openqa.selenium.chrome.ChromeDriver&#10;Command: [73d937ecbe29588d6bbee990507c8485, findElement {using=xpath, value=//*[text()=&apos;РќРµ РІРґР°С”С‚СЊСЃСЏ СѓРІС–Р№С‚Рё?&apos;]}]&#10;Capabilities {acceptInsecureCerts: false, browserName: chrome, browserVersion: 98.0.4758.102, chrome: {chromedriverVersion: 98.0.4758.102 (273bf7ac8c90..., userDataDir: C:\Users\PROFES~1\AppData\L...}, goog:chromeOptions: {debuggerAddress: localhost:58105}, javascriptEnabled: true, networkConnectionEnabled: false, pageLoadStrategy: normal, platform: WINDOWS, platformName: WINDOWS, proxy: Proxy(), se:cdp: ws://localhost:58105/devtoo..., se:cdpVersion: 98.0.4758.102, setWindowRect: true, strictFileInteractability: false, timeouts: {implicit: 0, pageLoad: 300000, script: 30000}, unhandledPromptBehavior: dismiss and notify, webauthn:extension:credBlob: true, webauthn:extension:largeBlob: true, webauthn:virtualAuthenticators: true}&#10;Session ID: 73d937ecbe29588d6bbee990507c8485" type="org.openqa.selenium.NoSuchElementException">org.openqa.selenium.NoSuchElementException: no such element: Unable to locate element: {"method":"xpath","selector":"//*[text()='РќРµ РІРґР°С”С‚СЊСЃСЏ СѓРІС–Р№С‚Рё?']"}
  (Session info: chrome=98.0.4758.102)
For documentation on this error, please visit: https://selenium.dev/exceptions/#no_such_element
Build info: version: '4.1.1', revision: 'e8fcc2cecf'
System info: host: 'USER-PC', ip: '172.18.176.1', os.name: 'Windows 10', os.arch: 'amd64', os.version: '10.0', java.version: '17.0.1'
Driver info: org.openqa.selenium.chrome.ChromeDriver
Command: [73d937ecbe29588d6bbee990507c8485, findElement {using=xpath, value=//*[text()='РќРµ РІРґР°С”С‚СЊСЃСЏ СѓРІС–Р№С‚Рё?']}]
Capabilities {acceptInsecureCerts: false, browserName: chrome, browserVersion: 98.0.4758.102, chrome: {chromedriverVersion: 98.0.4758.102 (273bf7ac8c90..., userDataDir: C:\Users\PROFES~1\AppData\L...}, goog:chromeOptions: {debuggerAddress: localhost:58105}, javascriptEnabled: true, networkConnectionEnabled: false, pageLoadStrategy: normal, platform: WINDOWS, platformName: WINDOWS, proxy: Proxy(), se:cdp: ws://localhost:58105/devtoo..., se:cdpVersion: 98.0.4758.102, setWindowRect: true, strictFileInteractability: false, timeouts: {implicit: 0, pageLoad: 300000, script: 30000}, unhandledPromptBehavior: dismiss and notify, webauthn:extension:credBlob: true, webauthn:extension:largeBlob: true, webauthn:virtualAuthenticators: true}
Session ID: 73d937ecbe29588d6bbee990507c8485
	at java.base/jdk.internal.reflect.NativeConstructorAccessorImpl.newInstance0(Native Method)
	at java.base/jdk.internal.reflect.NativeConstructorAccessorImpl.newInstance(NativeConstructorAccessorImpl.java:77)
	at java.base/jdk.internal.reflect.DelegatingConstructorAccessorImpl.newInstance(DelegatingConstructorAccessorImpl.java:45)
	at java.base/java.lang.reflect.Constructor.newInstanceWithCaller(Constructor.java:499)
	at java.base/java.lang.reflect.Constructor.newInstance(Constructor.java:480)
	at org.openqa.selenium.remote.codec.w3c.W3CHttpResponseCodec.createException(W3CHttpResponseCodec.java:200)
	at org.openqa.selenium.remote.codec.w3c.W3CHttpResponseCodec.decode(W3CHttpResponseCodec.java:133)
	at org.openqa.selenium.remote.codec.w3c.W3CHttpResponseCodec.decode(W3CHttpResponseCodec.java:53)
	at org.openqa.selenium.remote.HttpCommandExecutor.execute(HttpCommandExecutor.java:184)
	at org.openqa.selenium.remote.service.DriverCommandExecutor.invokeExecute(DriverCommandExecutor.java:167)
	at org.openqa.selenium.remote.service.DriverCommandExecutor.execute(DriverCommandExecutor.java:142)
	at org.openqa.selenium.remote.RemoteWebDriver.execute(RemoteWebDriver.java:543)
	at org.openqa.selenium.remote.ElementLocation$ElementFinder$2.findElement(ElementLocation.java:162)
	at org.openqa.selenium.remote.ElementLocation.findElement(ElementLocation.java:60)
	at org.openqa.selenium.remote.RemoteWebDriver.findElement(RemoteWebDriver.java:367)
	at org.openqa.selenium.remote.RemoteWebDriver.findElement(RemoteWebDriver.java:359)
	at org.openqa.selenium.support.pagefactory.DefaultElementLocator.findElement(DefaultElementLocator.java:70)
	at org.openqa.selenium.support.pagefactory.internal.LocatingElementHandler.invoke(LocatingElementHandler.java:39)
	at jdk.proxy2/jdk.proxy2.$Proxy15.click(Unknown Source)
	at test.java.ua.ukrnet.page.MainPage.clickOnCannotLogInLink(MainPage.java:230)
	at test.java.ua.ukrnet.context.MainPageContext.getTextFromCannotLogInTitle(MainPageContext.java:149)
	at test.java.ua.ukrnet.test.MainPageMailPanelTests.navigateUponClickCannotLogIn(MainPageMailPanelTests.java:132)
</failure>
  </testcase>
  <testcase name="navigateUponClickEmailLink" classname="test.java.ua.ukrnet.test.MainPageMailPanelTests" time="1.057">
    <failure message="&#10;Expected: &quot;РџРѕС€С‚Р°&quot;&#10;     but: was &quot;Пошта&quot;" type="java.lang.AssertionError">java.lang.AssertionError: 
Expected: "РџРѕС€С‚Р°"
     but: was "Пошта"
	at org.hamcrest.MatcherAssert.assertThat(MatcherAssert.java:20)
	at org.hamcrest.MatcherAssert.assertThat(MatcherAssert.java:8)
	at test.java.ua.ukrnet.test.MainPageMailPanelTests.navigateUponClickEmailLink(MainPageMailPanelTests.java:143)
</failure>
    <system-out>2022-02-19 12:17:55 INFO  logger:166 - the tab was switched
</system-out>
  </testcase>
  <testcase name="loginByInvalidEmail" classname="test.java.ua.ukrnet.test.MainPageMailPanelTests" time="10.552">
    <failure message="Expected condition failed: waiting for presence of element located by: By.xpath: //*[@class=&apos;form__error form__error_wrong form__error_visible&apos;] (tried for 5 second(s) with 500 milliseconds interval)" type="org.openqa.selenium.TimeoutException">org.openqa.selenium.TimeoutException: Expected condition failed: waiting for presence of element located by: By.xpath: //*[@class='form__error form__error_wrong form__error_visible'] (tried for 5 second(s) with 500 milliseconds interval)
	at java.base/jdk.internal.reflect.NativeConstructorAccessorImpl.newInstance0(Native Method)
	at java.base/jdk.internal.reflect.NativeConstructorAccessorImpl.newInstance(NativeConstructorAccessorImpl.java:77)
	at java.base/jdk.internal.reflect.DelegatingConstructorAccessorImpl.newInstance(DelegatingConstructorAccessorImpl.java:45)
	at java.base/java.lang.reflect.Constructor.newInstanceWithCaller(Constructor.java:499)
	at java.base/java.lang.reflect.Constructor.newInstance(Constructor.java:480)
	at org.openqa.selenium.remote.codec.w3c.W3CHttpResponseCodec.createException(W3CHttpResponseCodec.java:200)
	at org.openqa.selenium.remote.codec.w3c.W3CHttpResponseCodec.decode(W3CHttpResponseCodec.java:133)
	at org.openqa.selenium.remote.codec.w3c.W3CHttpResponseCodec.decode(W3CHttpResponseCodec.java:53)
	at org.openqa.selenium.remote.HttpCommandExecutor.execute(HttpCommandExecutor.java:184)
	at org.openqa.selenium.remote.service.DriverCommandExecutor.invokeExecute(DriverCommandExecutor.java:167)
	at org.openqa.selenium.remote.service.DriverCommandExecutor.execute(DriverCommandExecutor.java:142)
	at org.openqa.selenium.remote.RemoteWebDriver.execute(RemoteWebDriver.java:543)
	at org.openqa.selenium.remote.ElementLocation$ElementFinder$2.findElement(ElementLocation.java:162)
	at org.openqa.selenium.remote.ElementLocation.findElement(ElementLocation.java:60)
	at org.openqa.selenium.remote.RemoteWebDriver.findElement(RemoteWebDriver.java:367)
	at org.openqa.selenium.remote.RemoteWebDriver.findElement(RemoteWebDriver.java:359)
	at org.openqa.selenium.support.ui.ExpectedConditions$6.apply(ExpectedConditions.java:174)
	at org.openqa.selenium.support.ui.ExpectedConditions$6.apply(ExpectedConditions.java:171)
	at org.openqa.selenium.support.ui.FluentWait.until(FluentWait.java:208)
	at test.java.ua.ukrnet.page.MainPage.getTextErrorMessage(MainPage.java:115)
	at test.java.ua.ukrnet.context.MainPageContext.getTextInvalidEmail(MainPageContext.java:46)
	at test.java.ua.ukrnet.test.MainPageMailPanelTests.loginByInvalidEmail(MainPageMailPanelTests.java:44)
</failure>
    <system-out>2022-02-19 12:17:58 INFO  logger:16 - login is started
</system-out>
  </testcase>
  <testcase name="loginByInvalidPassword" classname="test.java.ua.ukrnet.test.MainPageMailPanelTests" time="0.622">
    <failure message="&#10;Expected: a string containing &quot;РќРµРїСЂР°РІРёР»СЊРЅС– РґР°РЅС–&quot;&#10;     but: was &quot;Неправильні дані&quot;" type="java.lang.AssertionError">java.lang.AssertionError: 
Expected: a string containing "РќРµРїСЂР°РІРёР»СЊРЅС– РґР°РЅС–"
     but: was "Неправильні дані"
	at org.hamcrest.MatcherAssert.assertThat(MatcherAssert.java:20)
	at org.hamcrest.MatcherAssert.assertThat(MatcherAssert.java:8)
	at test.java.ua.ukrnet.test.MainPageMailPanelTests.loginByInvalidPassword(MainPageMailPanelTests.java:55)
</failure>
    <system-out>2022-02-19 12:18:11 INFO  logger:16 - login is started
2022-02-19 12:18:11 INFO  logger:46 - text of error message - Неправильні дані
</system-out>
  </testcase>
  <testcase name="logOut" classname="test.java.ua.ukrnet.test.MainPageMailPanelTests" time="2.655"/>
  <testcase name="loginEmail" classname="test.java.ua.ukrnet.test.MainPageMailPanelTests" time="0.977"/>
</testsuite>