<?xml version="1.0" encoding="UTF-8"?>
<testng-results ignored="0" total="12" passed="11" failed="1" skipped="0">
  <reporter-output>
  </reporter-output>
  <suite started-at="2022-02-20T12:34:14 MSK" name="Main Page" finished-at="2022-02-20T12:35:18 MSK" duration-ms="64042">
    <groups>
      <group name="mail-panel">
        <method signature="MainPageMailPanelTests.leaveEmptyFields()[pri:1, instance:test.java.ua.ukrnet.test.MainPageMailPanelTests@4b44655e]" name="leaveEmptyFields" class="test.java.ua.ukrnet.test.MainPageMailPanelTests"/>
        <method signature="MainPageMailPanelTests.leaveEmptyLoginField()[pri:2, instance:test.java.ua.ukrnet.test.MainPageMailPanelTests@4b44655e]" name="leaveEmptyLoginField" class="test.java.ua.ukrnet.test.MainPageMailPanelTests"/>
        <method signature="MainPageMailPanelTests.leaveEmptyPasswordField()[pri:3, instance:test.java.ua.ukrnet.test.MainPageMailPanelTests@4b44655e]" name="leaveEmptyPasswordField" class="test.java.ua.ukrnet.test.MainPageMailPanelTests"/>
        <method signature="MainPageMailPanelTests.navigateFromLogoToMainPage()[pri:4, instance:test.java.ua.ukrnet.test.MainPageMailPanelTests@4b44655e]" name="navigateFromLogoToMainPage" class="test.java.ua.ukrnet.test.MainPageMailPanelTests"/>
        <method signature="MainPageMailPanelTests.checkValidationMaxCharacters()[pri:5, instance:test.java.ua.ukrnet.test.MainPageMailPanelTests@4b44655e]" name="checkValidationMaxCharacters" class="test.java.ua.ukrnet.test.MainPageMailPanelTests"/>
        <method signature="MainPageMailPanelTests.navigateUponClickCreateEmail()[pri:6, instance:test.java.ua.ukrnet.test.MainPageMailPanelTests@4b44655e]" name="navigateUponClickCreateEmail" class="test.java.ua.ukrnet.test.MainPageMailPanelTests"/>
        <method signature="MainPageMailPanelTests.navigateUponClickCannotLogIn()[pri:7, instance:test.java.ua.ukrnet.test.MainPageMailPanelTests@4b44655e]" name="navigateUponClickCannotLogIn" class="test.java.ua.ukrnet.test.MainPageMailPanelTests"/>
        <method signature="MainPageMailPanelTests.navigateUponClickEmailLink()[pri:8, instance:test.java.ua.ukrnet.test.MainPageMailPanelTests@4b44655e]" name="navigateUponClickEmailLink" class="test.java.ua.ukrnet.test.MainPageMailPanelTests"/>
        <method signature="MainPageMailPanelTests.loginByInvalidEmail()[pri:9, instance:test.java.ua.ukrnet.test.MainPageMailPanelTests@4b44655e]" name="loginByInvalidEmail" class="test.java.ua.ukrnet.test.MainPageMailPanelTests"/>
        <method signature="MainPageMailPanelTests.loginByInvalidPassword()[pri:10, instance:test.java.ua.ukrnet.test.MainPageMailPanelTests@4b44655e]" name="loginByInvalidPassword" class="test.java.ua.ukrnet.test.MainPageMailPanelTests"/>
        <method signature="MainPageMailPanelTests.logOut()[pri:11, instance:test.java.ua.ukrnet.test.MainPageMailPanelTests@4b44655e]" name="logOut" class="test.java.ua.ukrnet.test.MainPageMailPanelTests"/>
        <method signature="MainPageMailPanelTests.loginEmail()[pri:12, instance:test.java.ua.ukrnet.test.MainPageMailPanelTests@4b44655e]" name="loginEmail" class="test.java.ua.ukrnet.test.MainPageMailPanelTests"/>
      </group> <!-- mail-panel -->
    </groups>
    <test started-at="2022-02-20T12:34:14 MSK" name="Group of main page" finished-at="2022-02-20T12:35:18 MSK" duration-ms="64042">
      <class name="test.java.ua.ukrnet.test.MainPageMailPanelTests">
        <test-method is-config="true" signature="setup()[pri:0, instance:test.java.ua.ukrnet.test.MainPageMailPanelTests@4b44655e]" started-at="2022-02-20T12:34:14 MSK" name="setup" finished-at="2022-02-20T12:34:25 MSK" duration-ms="10941" status="PASS">
          <reporter-output>
          </reporter-output>
        </test-method> <!-- setup -->
        <test-method is-config="true" signature="precondition()[pri:0, instance:test.java.ua.ukrnet.test.MainPageMailPanelTests@4b44655e]" started-at="2022-02-20T12:34:25 MSK" name="precondition" finished-at="2022-02-20T12:34:29 MSK" duration-ms="4519" status="PASS">
          <reporter-output>
          </reporter-output>
        </test-method> <!-- precondition -->
        <test-method signature="leaveEmptyFields()[pri:1, instance:test.java.ua.ukrnet.test.MainPageMailPanelTests@4b44655e]" started-at="2022-02-20T12:34:29 MSK" name="leaveEmptyFields" finished-at="2022-02-20T12:34:30 MSK" duration-ms="488" status="PASS">
          <reporter-output>
          </reporter-output>
        </test-method> <!-- leaveEmptyFields -->
        <test-method is-config="true" signature="precondition()[pri:0, instance:test.java.ua.ukrnet.test.MainPageMailPanelTests@4b44655e]" started-at="2022-02-20T12:34:30 MSK" name="precondition" finished-at="2022-02-20T12:34:32 MSK" duration-ms="2494" status="PASS">
          <reporter-output>
          </reporter-output>
        </test-method> <!-- precondition -->
        <test-method signature="leaveEmptyLoginField()[pri:2, instance:test.java.ua.ukrnet.test.MainPageMailPanelTests@4b44655e]" started-at="2022-02-20T12:34:32 MSK" name="leaveEmptyLoginField" finished-at="2022-02-20T12:34:33 MSK" duration-ms="832" status="PASS">
          <reporter-output>
          </reporter-output>
        </test-method> <!-- leaveEmptyLoginField -->
        <test-method is-config="true" signature="precondition()[pri:0, instance:test.java.ua.ukrnet.test.MainPageMailPanelTests@4b44655e]" started-at="2022-02-20T12:34:33 MSK" name="precondition" finished-at="2022-02-20T12:34:35 MSK" duration-ms="2249" status="PASS">
          <reporter-output>
          </reporter-output>
        </test-method> <!-- precondition -->
        <test-method signature="leaveEmptyPasswordField()[pri:3, instance:test.java.ua.ukrnet.test.MainPageMailPanelTests@4b44655e]" started-at="2022-02-20T12:34:35 MSK" name="leaveEmptyPasswordField" finished-at="2022-02-20T12:34:36 MSK" duration-ms="802" status="PASS">
          <reporter-output>
          </reporter-output>
        </test-method> <!-- leaveEmptyPasswordField -->
        <test-method is-config="true" signature="precondition()[pri:0, instance:test.java.ua.ukrnet.test.MainPageMailPanelTests@4b44655e]" started-at="2022-02-20T12:34:36 MSK" name="precondition" finished-at="2022-02-20T12:34:38 MSK" duration-ms="1540" status="PASS">
          <reporter-output>
          </reporter-output>
        </test-method> <!-- precondition -->
        <test-method signature="navigateFromLogoToMainPage()[pri:4, instance:test.java.ua.ukrnet.test.MainPageMailPanelTests@4b44655e]" started-at="2022-02-20T12:34:38 MSK" name="navigateFromLogoToMainPage" finished-at="2022-02-20T12:34:41 MSK" duration-ms="3855" status="PASS">
          <reporter-output>
          </reporter-output>
        </test-method> <!-- navigateFromLogoToMainPage -->
        <test-method is-config="true" signature="precondition()[pri:0, instance:test.java.ua.ukrnet.test.MainPageMailPanelTests@4b44655e]" started-at="2022-02-20T12:34:41 MSK" name="precondition" finished-at="2022-02-20T12:34:45 MSK" duration-ms="3805" status="PASS">
          <reporter-output>
          </reporter-output>
        </test-method> <!-- precondition -->
        <test-method signature="checkValidationMaxCharacters()[pri:5, instance:test.java.ua.ukrnet.test.MainPageMailPanelTests@4b44655e]" started-at="2022-02-20T12:34:45 MSK" name="checkValidationMaxCharacters" finished-at="2022-02-20T12:34:46 MSK" duration-ms="733" status="PASS">
          <reporter-output>
          </reporter-output>
        </test-method> <!-- checkValidationMaxCharacters -->
        <test-method is-config="true" signature="precondition()[pri:0, instance:test.java.ua.ukrnet.test.MainPageMailPanelTests@4b44655e]" started-at="2022-02-20T12:34:46 MSK" name="precondition" finished-at="2022-02-20T12:34:48 MSK" duration-ms="2250" status="PASS">
          <reporter-output>
          </reporter-output>
        </test-method> <!-- precondition -->
        <test-method signature="navigateUponClickCreateEmail()[pri:6, instance:test.java.ua.ukrnet.test.MainPageMailPanelTests@4b44655e]" started-at="2022-02-20T12:34:48 MSK" name="navigateUponClickCreateEmail" finished-at="2022-02-20T12:34:51 MSK" duration-ms="2485" status="PASS">
          <reporter-output>
          </reporter-output>
        </test-method> <!-- navigateUponClickCreateEmail -->
        <test-method is-config="true" signature="precondition()[pri:0, instance:test.java.ua.ukrnet.test.MainPageMailPanelTests@4b44655e]" started-at="2022-02-20T12:34:51 MSK" name="precondition" finished-at="2022-02-20T12:34:52 MSK" duration-ms="1449" status="PASS">
          <reporter-output>
          </reporter-output>
        </test-method> <!-- precondition -->
        <test-method signature="navigateUponClickCannotLogIn()[pri:7, instance:test.java.ua.ukrnet.test.MainPageMailPanelTests@4b44655e]" started-at="2022-02-20T12:34:52 MSK" name="navigateUponClickCannotLogIn" finished-at="2022-02-20T12:34:53 MSK" duration-ms="827" status="PASS">
          <reporter-output>
          </reporter-output>
        </test-method> <!-- navigateUponClickCannotLogIn -->
        <test-method is-config="true" signature="precondition()[pri:0, instance:test.java.ua.ukrnet.test.MainPageMailPanelTests@4b44655e]" started-at="2022-02-20T12:34:53 MSK" name="precondition" finished-at="2022-02-20T12:34:54 MSK" duration-ms="1425" status="PASS">
          <reporter-output>
          </reporter-output>
        </test-method> <!-- precondition -->
        <test-method signature="navigateUponClickEmailLink()[pri:8, instance:test.java.ua.ukrnet.test.MainPageMailPanelTests@4b44655e]" started-at="2022-02-20T12:34:54 MSK" name="navigateUponClickEmailLink" finished-at="2022-02-20T12:34:55 MSK" duration-ms="1035" status="PASS">
          <reporter-output>
          </reporter-output>
        </test-method> <!-- navigateUponClickEmailLink -->
        <test-method is-config="true" signature="precondition()[pri:0, instance:test.java.ua.ukrnet.test.MainPageMailPanelTests@4b44655e]" started-at="2022-02-20T12:34:55 MSK" name="precondition" finished-at="2022-02-20T12:34:58 MSK" duration-ms="2146" status="PASS">
          <reporter-output>
          </reporter-output>
        </test-method> <!-- precondition -->
        <test-method signature="loginByInvalidEmail()[pri:9, instance:test.java.ua.ukrnet.test.MainPageMailPanelTests@4b44655e]" started-at="2022-02-20T12:34:58 MSK" name="loginByInvalidEmail" finished-at="2022-02-20T12:35:08 MSK" duration-ms="10542" status="FAIL">
          <exception class="org.openqa.selenium.TimeoutException">
            <message>
              <![CDATA[Expected condition failed: waiting for presence of element located by: By.xpath: //*[@class='form__error form__error_wrong form__error_visible'] (tried for 5 second(s) with 500 milliseconds interval)]]>
            </message>
            <full-stacktrace>
              <![CDATA[org.openqa.selenium.TimeoutException: Expected condition failed: waiting for presence of element located by: By.xpath: //*[@class='form__error form__error_wrong form__error_visible'] (tried for 5 second(s) with 500 milliseconds interval)
at org.openqa.selenium.support.ui.WebDriverWait.timeoutException(WebDriverWait.java:138)
at org.openqa.selenium.support.ui.FluentWait.until(FluentWait.java:231)
at test.java.ua.ukrnet.page.MainPage.getTextErrorMessage(MainPage.java:115)
at test.java.ua.ukrnet.context.MainPageContext.getTextInvalidEmail(MainPageContext.java:46)
at test.java.ua.ukrnet.test.MainPageMailPanelTests.loginByInvalidEmail(MainPageMailPanelTests.java:44)
at java.base/jdk.internal.reflect.NativeMethodAccessorImpl.invoke0(Native Method)
at java.base/jdk.internal.reflect.NativeMethodAccessorImpl.invoke(NativeMethodAccessorImpl.java:77)
at java.base/jdk.internal.reflect.DelegatingMethodAccessorImpl.invoke(DelegatingMethodAccessorImpl.java:43)
at java.base/java.lang.reflect.Method.invoke(Method.java:568)
at org.testng.internal.invokers.MethodInvocationHelper.invokeMethod(MethodInvocationHelper.java:135)
at org.testng.internal.invokers.TestInvoker.invokeMethod(TestInvoker.java:673)
at org.testng.internal.invokers.TestInvoker.invokeTestMethod(TestInvoker.java:220)
at org.testng.internal.invokers.MethodRunner.runInSequence(MethodRunner.java:50)
at org.testng.internal.invokers.TestInvoker$MethodInvocationAgent.invoke(TestInvoker.java:945)
at org.testng.internal.invokers.TestInvoker.invokeTestMethods(TestInvoker.java:193)
at org.testng.internal.invokers.TestMethodWorker.invokeTestMethods(TestMethodWorker.java:146)
at org.testng.internal.invokers.TestMethodWorker.run(TestMethodWorker.java:128)
at java.base/java.util.ArrayList.forEach(ArrayList.java:1511)
at org.testng.TestRunner.privateRun(TestRunner.java:808)
at org.testng.TestRunner.run(TestRunner.java:603)
at org.testng.SuiteRunner.runTest(SuiteRunner.java:429)
at org.testng.SuiteRunner.runSequentially(SuiteRunner.java:423)
at org.testng.SuiteRunner.privateRun(SuiteRunner.java:383)
at org.testng.SuiteRunner.run(SuiteRunner.java:326)
at org.testng.SuiteRunnerWorker.runSuite(SuiteRunnerWorker.java:52)
at org.testng.SuiteRunnerWorker.run(SuiteRunnerWorker.java:95)
at org.testng.TestNG.runSuitesSequentially(TestNG.java:1249)
at org.testng.TestNG.runSuitesLocally(TestNG.java:1169)
at org.testng.TestNG.runSuites(TestNG.java:1092)
at org.testng.TestNG.run(TestNG.java:1060)
at com.intellij.rt.testng.IDEARemoteTestNG.run(IDEARemoteTestNG.java:66)
at com.intellij.rt.testng.RemoteTestNGStarter.main(RemoteTestNGStarter.java:109)
Caused by: org.openqa.selenium.NoSuchElementException: no such element: Unable to locate element: {"method":"xpath","selector":"//*[@class='form__error form__error_wrong form__error_visible']"}
  (Session info: chrome=98.0.4758.102)
For documentation on this error, please visit: https://selenium.dev/exceptions/#no_such_element
Build info: version: '4.1.1', revision: 'e8fcc2cecf'
System info: host: 'USER-PC', ip: '192.168.56.1', os.name: 'Windows 10', os.arch: 'amd64', os.version: '10.0', java.version: '17.0.1'
Driver info: org.openqa.selenium.chrome.ChromeDriver
Command: [db01cf1f903b769439aa936b4ea972c5, findElement {using=xpath, value=//*[@class='form__error form__error_wrong form__error_visible']}]
Capabilities {acceptInsecureCerts: false, browserName: chrome, browserVersion: 98.0.4758.102, chrome: {chromedriverVersion: 98.0.4758.102 (273bf7ac8c90..., userDataDir: C:\Users\PROFES~1\AppData\L...}, goog:chromeOptions: {debuggerAddress: localhost:50795}, javascriptEnabled: true, networkConnectionEnabled: false, pageLoadStrategy: normal, platform: WINDOWS, platformName: WINDOWS, proxy: Proxy(), se:cdp: ws://localhost:50795/devtoo..., se:cdpVersion: 98.0.4758.102, setWindowRect: true, strictFileInteractability: false, timeouts: {implicit: 0, pageLoad: 300000, script: 30000}, unhandledPromptBehavior: dismiss and notify, webauthn:extension:credBlob: true, webauthn:extension:largeBlob: true, webauthn:virtualAuthenticators: true}
Session ID: db01cf1f903b769439aa936b4ea972c5
at java.base/jdk.internal.reflect.NativeConstructorAccessorImpl.newInstance0(Native Method)
at java.base/jdk.internal.reflect.NativeConstructorAccessorImpl.newInstance(NativeConstructorAccessorImpl.java:77)
at java.base/jdk.internal.reflect.DelegatingConstructorAccessorImpl.newInstance(DelegatingConstructorAccessorImpl.java:45)
at java.base/java.lang.reflect.Constructor.newInstanceWithCaller(Constructor.java:499)
at java.base/java.lang.reflect.Constructor.newInstance(Constructor.java:480)
at org.openqa.selenium.remote.codec.w3c.W3CHttpResponseCodec.createException(W3CHttpResponseCodec.java:200)
at org.openqa.selenium.remote.codec.w3c.W3CHttpResponseCodec.decode(W3CHttpResponseCodec.java:133)
at org.openqa.selenium.remote.codec.w3c.W3CHttpResponseCodec.decode(W3CHttpResponseCodec.java:53)
at org.openqa.selenium.remote.HttpCommandExecutor.execute(HttpCommandExecutor.java:184)
at org.openqa.selenium.remote.service.DriverCommandExecutor.invokeExecute(DriverCommandExecutor.java:167)
at org.openqa.selenium.remote.service.DriverCommandExecutor.execute(DriverCommandExecutor.java:142)
at org.openqa.selenium.remote.RemoteWebDriver.execute(RemoteWebDriver.java:543)
at org.openqa.selenium.remote.ElementLocation$ElementFinder$2.findElement(ElementLocation.java:162)
at org.openqa.selenium.remote.ElementLocation.findElement(ElementLocation.java:60)
at org.openqa.selenium.remote.RemoteWebDriver.findElement(RemoteWebDriver.java:367)
at org.openqa.selenium.remote.RemoteWebDriver.findElement(RemoteWebDriver.java:359)
at org.openqa.selenium.support.ui.ExpectedConditions$6.apply(ExpectedConditions.java:174)
at org.openqa.selenium.support.ui.ExpectedConditions$6.apply(ExpectedConditions.java:171)
at org.openqa.selenium.support.ui.FluentWait.until(FluentWait.java:208)
... 30 more
]]>
            </full-stacktrace>
          </exception> <!-- org.openqa.selenium.TimeoutException -->
          <reporter-output>
          </reporter-output>
        </test-method> <!-- loginByInvalidEmail -->
        <test-method is-config="true" signature="precondition()[pri:0, instance:test.java.ua.ukrnet.test.MainPageMailPanelTests@4b44655e]" started-at="2022-02-20T12:35:08 MSK" name="precondition" finished-at="2022-02-20T12:35:10 MSK" duration-ms="2122" status="PASS">
          <reporter-output>
          </reporter-output>
        </test-method> <!-- precondition -->
        <test-method signature="loginByInvalidPassword()[pri:10, instance:test.java.ua.ukrnet.test.MainPageMailPanelTests@4b44655e]" started-at="2022-02-20T12:35:10 MSK" name="loginByInvalidPassword" finished-at="2022-02-20T12:35:11 MSK" duration-ms="751" status="PASS">
          <reporter-output>
          </reporter-output>
        </test-method> <!-- loginByInvalidPassword -->
        <test-method is-config="true" signature="precondition()[pri:0, instance:test.java.ua.ukrnet.test.MainPageMailPanelTests@4b44655e]" started-at="2022-02-20T12:35:11 MSK" name="precondition" finished-at="2022-02-20T12:35:13 MSK" duration-ms="2307" status="PASS">
          <reporter-output>
          </reporter-output>
        </test-method> <!-- precondition -->
        <test-method signature="logOut()[pri:11, instance:test.java.ua.ukrnet.test.MainPageMailPanelTests@4b44655e]" started-at="2022-02-20T12:35:13 MSK" name="logOut" finished-at="2022-02-20T12:35:15 MSK" duration-ms="1678" status="PASS">
          <reporter-output>
          </reporter-output>
        </test-method> <!-- logOut -->
        <test-method is-config="true" signature="precondition()[pri:0, instance:test.java.ua.ukrnet.test.MainPageMailPanelTests@4b44655e]" started-at="2022-02-20T12:35:15 MSK" name="precondition" finished-at="2022-02-20T12:35:16 MSK" duration-ms="1511" status="PASS">
          <reporter-output>
          </reporter-output>
        </test-method> <!-- precondition -->
        <test-method signature="loginEmail()[pri:12, instance:test.java.ua.ukrnet.test.MainPageMailPanelTests@4b44655e]" started-at="2022-02-20T12:35:16 MSK" name="loginEmail" finished-at="2022-02-20T12:35:17 MSK" duration-ms="946" status="PASS">
          <reporter-output>
          </reporter-output>
        </test-method> <!-- loginEmail -->
        <test-method is-config="true" signature="tearDown()[pri:0, instance:test.java.ua.ukrnet.test.MainPageMailPanelTests@4b44655e]" started-at="2022-02-20T12:35:17 MSK" name="tearDown" finished-at="2022-02-20T12:35:18 MSK" duration-ms="251" status="PASS">
          <reporter-output>
          </reporter-output>
        </test-method> <!-- tearDown -->
      </class> <!-- test.java.ua.ukrnet.test.MainPageMailPanelTests -->
    </test> <!-- Group of main page -->
  </suite> <!-- Main Page -->
</testng-results>
